<?xml version="1.0" encoding="UTF-8"?>
<testng-results total="1" passed="1" failed="0" skipped="0">
  <reporter-output>
  </reporter-output>
  <suite started-at="2024-02-20T09:06:17Z" name="Default suite" finished-at="2024-02-20T09:06:29Z" duration-ms="12533">
    <groups>
      <group name="cucumber">
        <method signature="AbstractTestNGCucumberTests.runScenario(io.cucumber.testng.PickleWrapper, io.cucumber.testng.FeatureWrapper)[pri:0, instance:RunnerClass.LoginRunnerTest@7e5c856f]" name="runScenario" class="io.cucumber.testng.AbstractTestNGCucumberTests"/>
      </group> <!-- cucumber -->
    </groups>
    <test started-at="2024-02-20T09:06:17Z" name="Default test" finished-at="2024-02-20T09:06:29Z" duration-ms="12533">
      <class name="RunnerClass.LoginRunnerTest">
        <test-method is-config="true" signature="setUpClass(org.testng.ITestContext)[pri:0, instance:RunnerClass.LoginRunnerTest@7e5c856f]" started-at="2024-02-20T14:36:17Z" name="setUpClass" finished-at="2024-02-20T14:36:18Z" duration-ms="931" status="PASS">
          <params>
            <param index="0">
              <value>
                <![CDATA[org.testng.TestRunner@53e76c11]]>
              </value>
            </param>
          </params>
          <reporter-output>
          </reporter-output>
        </test-method> <!-- setUpClass -->
        <test-method signature="runScenario(io.cucumber.testng.PickleWrapper, io.cucumber.testng.FeatureWrapper)[pri:0, instance:RunnerClass.LoginRunnerTest@7e5c856f]" started-at="2024-02-20T14:36:18Z" name="runScenario" description="Runs Cucumber Scenarios" data-provider="scenarios" finished-at="2024-02-20T14:36:29Z" duration-ms="11428" status="PASS">
          <params>
            <param index="0">
              <value>
                <![CDATA["User should login with valid credentials"]]>
              </value>
            </param>
            <param index="1">
              <value>
                <![CDATA["Login feature"]]>
              </value>
            </param>
          </params>
          <reporter-output>
          </reporter-output>
        </test-method> <!-- runScenario -->
        <test-method is-config="true" signature="tearDownClass()[pri:0, instance:RunnerClass.LoginRunnerTest@7e5c856f]" started-at="2024-02-20T14:36:29Z" name="tearDownClass" finished-at="2024-02-20T14:36:29Z" duration-ms="149" status="PASS">
          <reporter-output>
          </reporter-output>
        </test-method> <!-- tearDownClass -->
      </class> <!-- RunnerClass.LoginRunnerTest -->
    </test> <!-- Default test -->
  </suite> <!-- Default suite -->
</testng-results>
